<?xml version="1.0" encoding="UTF-8"?>
<!-- Generated by org.testng.reporters.JUnitReportReporter -->
<testsuite hostname="LAPTOP-BRF3MDB0" failures="0" tests="1" name="test.Day2" time="0.006" errors="0" timestamp="2021-12-09T12:23:22 IST" skipped="0">
  <testcase classname="test.Day2" name="Demo" time="0.006"/>
  <system-out/>
</testsuite> <!-- test.Day2 -->
