<?xml version="1.0" encoding="UTF-8"?>
<!-- Generated by org.testng.reporters.JUnitReportReporter -->
<testsuite hostname="LAPTOP-BRF3MDB0" failures="0" tests="3" name="test.Day3" time="0.003" errors="0" timestamp="2021-12-09T12:23:22 IST" skipped="0">
  <testcase classname="test.Day3" name="WebLogin" time="0.001"/>
  <system-out/>
  <testcase classname="test.Day3" name="MobileLogin" time="0.001"/>
  <system-out/>
  <testcase classname="test.Day3" name="APILogin" time="0.001"/>
  <system-out/>
</testsuite> <!-- test.Day3 -->
