<?xml version="1.0" encoding="UTF-8"?>
<!-- Generated by org.testng.reporters.JUnitReportReporter -->
<testsuite hostname="LAPTOP-BRF3MDB0" failures="0" tests="3" name="test.Day1" time="0.001" errors="0" timestamp="2021-12-09T12:23:22 IST" skipped="0">
  <testcase classname="test.Day1" name="Demo" time="0.000"/>
  <system-out/>
  <testcase classname="test.Day1" name="secondmethod" time="0.000"/>
  <system-out/>
  <testcase classname="test.Day1" name="show" time="0.001"/>
  <system-out/>
</testsuite> <!-- test.Day1 -->
